<?xml version="1.0" encoding="UTF-8"?>
<!-- Generated by org.testng.reporters.JUnitReportReporter -->
<testsuite hostname="IN-PG0352RN" failures="0" tests="1" name="sample.project.sampleclass" time="0.001" errors="0" timestamp="12 Apr 2023 10:21:02 GMT" skipped="0">
  <testcase classname="sample.project.sampleclass" name="printHello" time="0.001"/>
</testsuite> <!-- sample.project.sampleclass -->
